[debug] [2019-08-30T14:02:16.238Z] ----------------------------------------------------------------------
[debug] [2019-08-30T14:02:16.242Z] Command:       /home/bretonio/.nvm/versions/node/v12.6.0/bin/node /home/bretonio/.nvm/versions/node/v12.6.0/bin/firebase init
[debug] [2019-08-30T14:02:16.243Z] CLI Version:   7.3.0
[debug] [2019-08-30T14:02:16.243Z] Platform:      linux
[debug] [2019-08-30T14:02:16.243Z] Node Version:  v12.6.0
[debug] [2019-08-30T14:02:16.244Z] Time:          Fri Aug 30 2019 11:02:16 GMT-0300 (Brasilia Standard Time)
[debug] [2019-08-30T14:02:16.244Z] ----------------------------------------------------------------------
[debug] 
[debug] [2019-08-30T14:02:16.255Z] > command requires scopes: ["email","openid","https://www.googleapis.com/auth/cloudplatformprojects.readonly","https://www.googleapis.com/auth/firebase","https://www.googleapis.com/auth/cloud-platform"]
[debug] [2019-08-30T14:02:16.256Z] > authorizing via signed-in user
[info] 
     ######## #### ########  ######## ########     ###     ######  ########
     ##        ##  ##     ## ##       ##     ##  ##   ##  ##       ##
     ######    ##  ########  ######   ########  #########  ######  ######
     ##        ##  ##    ##  ##       ##     ## ##     ##       ## ##
     ##       #### ##     ## ######## ########  ##     ##  ######  ########

You're about to initialize a Firebase project in this directory:

  /home/bretonio/Vue-Material/Webpacks/vm-webpack-future-back-to

Before we get started, keep in mind:

  * You are initializing in an existing Firebase project directory

[info] 
=== Project Setup
[info] 
[info] First, let's associate this project directory with a Firebase project.
[info] You can create multiple project aliases by running firebase use --add, 
[info] but for now we'll just set up a default project.
[info] 
[info] i  .firebaserc already has a default project, using pluperfection-introspection.
[debug] [2019-08-30T14:02:19.254Z] > refreshing access token with scopes: ["email","https://www.googleapis.com/auth/cloud-platform","https://www.googleapis.com/auth/cloudplatformprojects.readonly","https://www.googleapis.com/auth/firebase","openid"]
[debug] [2019-08-30T14:02:19.255Z] >>> HTTP REQUEST POST https://www.googleapis.com/oauth2/v3/token  
 <request body omitted>
[debug] [2019-08-30T14:02:19.460Z] <<< HTTP RESPONSE 200
[debug] [2019-08-30T14:02:19.503Z] >>> HTTP REQUEST GET https://firebase.googleapis.com/v1beta1/projects/pluperfection-introspection  
 
[debug] [2019-08-30T14:02:20.719Z] <<< HTTP RESPONSE 200
[info] 
=== Hosting Setup
[info] 
[info] Your public directory is the folder (relative to your project directory) that
[info] will contain Hosting assets to be uploaded with firebase deploy. If you
[info] have a build process for your assets, use your build's output directory.
[info] 
